<?xml version="1.0" encoding="UTF-8"?>
<testsuite xmlns:xsi="http://www.w3.org/2001/XMLSchema-instance" xsi:noNamespaceSchemaLocation="https://maven.apache.org/surefire/maven-surefire-plugin/xsd/surefire-test-report.xsd" name="runner.RunnerTests" time="42.481" tests="4" errors="1" skipped="0" failures="0">
  <properties>
    <property name="java.specification.version" value="14"/>
    <property name="sun.jnu.encoding" value="UTF-8"/>
    <property name="java.class.path" value="/Users/serhii_sheliepov/MiddleProgEpam/Prerequisites/Module_Java_ReflectionApi/target/test-classes:/Users/serhii_sheliepov/MiddleProgEpam/Prerequisites/Module_Java_ReflectionApi/target/classes:/Users/serhii_sheliepov/.m2/repository/org/seleniumhq/selenium/selenium-java/3.141.59/selenium-java-3.141.59.jar:/Users/serhii_sheliepov/.m2/repository/org/seleniumhq/selenium/selenium-api/3.141.59/selenium-api-3.141.59.jar:/Users/serhii_sheliepov/.m2/repository/org/seleniumhq/selenium/selenium-chrome-driver/3.141.59/selenium-chrome-driver-3.141.59.jar:/Users/serhii_sheliepov/.m2/repository/org/seleniumhq/selenium/selenium-edge-driver/3.141.59/selenium-edge-driver-3.141.59.jar:/Users/serhii_sheliepov/.m2/repository/org/seleniumhq/selenium/selenium-firefox-driver/3.141.59/selenium-firefox-driver-3.141.59.jar:/Users/serhii_sheliepov/.m2/repository/org/seleniumhq/selenium/selenium-ie-driver/3.141.59/selenium-ie-driver-3.141.59.jar:/Users/serhii_sheliepov/.m2/repository/org/seleniumhq/selenium/selenium-opera-driver/3.141.59/selenium-opera-driver-3.141.59.jar:/Users/serhii_sheliepov/.m2/repository/org/seleniumhq/selenium/selenium-remote-driver/3.141.59/selenium-remote-driver-3.141.59.jar:/Users/serhii_sheliepov/.m2/repository/org/seleniumhq/selenium/selenium-safari-driver/3.141.59/selenium-safari-driver-3.141.59.jar:/Users/serhii_sheliepov/.m2/repository/org/seleniumhq/selenium/selenium-support/3.141.59/selenium-support-3.141.59.jar:/Users/serhii_sheliepov/.m2/repository/net/bytebuddy/byte-buddy/1.8.15/byte-buddy-1.8.15.jar:/Users/serhii_sheliepov/.m2/repository/org/apache/commons/commons-exec/1.3/commons-exec-1.3.jar:/Users/serhii_sheliepov/.m2/repository/com/google/guava/guava/25.0-jre/guava-25.0-jre.jar:/Users/serhii_sheliepov/.m2/repository/com/google/code/findbugs/jsr305/1.3.9/jsr305-1.3.9.jar:/Users/serhii_sheliepov/.m2/repository/org/checkerframework/checker-compat-qual/2.0.0/checker-compat-qual-2.0.0.jar:/Users/serhii_sheliepov/.m2/repository/com/google/errorprone/error_prone_annotations/2.1.3/error_prone_annotations-2.1.3.jar:/Users/serhii_sheliepov/.m2/repository/com/google/j2objc/j2objc-annotations/1.1/j2objc-annotations-1.1.jar:/Users/serhii_sheliepov/.m2/repository/org/codehaus/mojo/animal-sniffer-annotations/1.14/animal-sniffer-annotations-1.14.jar:/Users/serhii_sheliepov/.m2/repository/com/squareup/okhttp3/okhttp/3.11.0/okhttp-3.11.0.jar:/Users/serhii_sheliepov/.m2/repository/com/squareup/okio/okio/1.14.0/okio-1.14.0.jar:/Users/serhii_sheliepov/.m2/repository/io/cucumber/cucumber-java/6.8.1/cucumber-java-6.8.1.jar:/Users/serhii_sheliepov/.m2/repository/io/cucumber/cucumber-core/6.8.1/cucumber-core-6.8.1.jar:/Users/serhii_sheliepov/.m2/repository/io/cucumber/cucumber-gherkin/6.8.1/cucumber-gherkin-6.8.1.jar:/Users/serhii_sheliepov/.m2/repository/io/cucumber/cucumber-gherkin-messages/6.8.1/cucumber-gherkin-messages-6.8.1.jar:/Users/serhii_sheliepov/.m2/repository/io/cucumber/messages/13.1.0/messages-13.1.0.jar:/Users/serhii_sheliepov/.m2/repository/io/cucumber/tag-expressions/3.0.0/tag-expressions-3.0.0.jar:/Users/serhii_sheliepov/.m2/repository/io/cucumber/cucumber-expressions/10.3.0/cucumber-expressions-10.3.0.jar:/Users/serhii_sheliepov/.m2/repository/io/cucumber/datatable/3.5.0/datatable-3.5.0.jar:/Users/serhii_sheliepov/.m2/repository/io/cucumber/cucumber-plugin/6.8.1/cucumber-plugin-6.8.1.jar:/Users/serhii_sheliepov/.m2/repository/io/cucumber/docstring/6.8.1/docstring-6.8.1.jar:/Users/serhii_sheliepov/.m2/repository/io/cucumber/html-formatter/9.0.0/html-formatter-9.0.0.jar:/Users/serhii_sheliepov/.m2/repository/io/cucumber/create-meta/2.0.2/create-meta-2.0.2.jar:/Users/serhii_sheliepov/.m2/repository/org/apiguardian/apiguardian-api/1.1.0/apiguardian-api-1.1.0.jar:/Users/serhii_sheliepov/.m2/repository/io/cucumber/cucumber-junit/6.8.1/cucumber-junit-6.8.1.jar:/Users/serhii_sheliepov/.m2/repository/junit/junit/4.12/junit-4.12.jar:/Users/serhii_sheliepov/.m2/repository/org/hamcrest/hamcrest-core/1.3/hamcrest-core-1.3.jar:/Users/serhii_sheliepov/.m2/repository/io/github/bonigarcia/webdrivermanager/4.3.1/webdrivermanager-4.3.1.jar:/Users/serhii_sheliepov/.m2/repository/org/slf4j/slf4j-api/1.7.30/slf4j-api-1.7.30.jar:/Users/serhii_sheliepov/.m2/repository/commons-io/commons-io/2.8.0/commons-io-2.8.0.jar:/Users/serhii_sheliepov/.m2/repository/com/google/code/gson/gson/2.8.6/gson-2.8.6.jar:/Users/serhii_sheliepov/.m2/repository/org/apache/commons/commons-lang3/3.11/commons-lang3-3.11.jar:/Users/serhii_sheliepov/.m2/repository/org/apache/httpcomponents/client5/httpclient5/5.0.3/httpclient5-5.0.3.jar:/Users/serhii_sheliepov/.m2/repository/org/apache/httpcomponents/core5/httpcore5/5.0.2/httpcore5-5.0.2.jar:/Users/serhii_sheliepov/.m2/repository/org/apache/httpcomponents/core5/httpcore5-h2/5.0.2/httpcore5-h2-5.0.2.jar:/Users/serhii_sheliepov/.m2/repository/commons-codec/commons-codec/1.13/commons-codec-1.13.jar:/Users/serhii_sheliepov/.m2/repository/org/rauschig/jarchivelib/1.1.0/jarchivelib-1.1.0.jar:/Users/serhii_sheliepov/.m2/repository/org/apache/commons/commons-compress/1.20/commons-compress-1.20.jar:/Users/serhii_sheliepov/.m2/repository/org/jsoup/jsoup/1.13.1/jsoup-1.13.1.jar:/Users/serhii_sheliepov/.m2/repository/org/assertj/assertj-core/3.16.1/assertj-core-3.16.1.jar:"/>
    <property name="java.vm.vendor" value="Oracle Corporation"/>
    <property name="sun.arch.data.model" value="64"/>
    <property name="java.vendor.url" value="https://java.oracle.com/"/>
    <property name="os.name" value="Mac OS X"/>
    <property name="java.vm.specification.version" value="14"/>
    <property name="sun.java.launcher" value="SUN_STANDARD"/>
    <property name="user.country" value="US"/>
    <property name="sun.boot.library.path" value="/Library/Java/JavaVirtualMachines/jdk-14.jdk/Contents/Home/lib"/>
    <property name="sun.java.command" value="/Users/serhii_sheliepov/MiddleProgEpam/Prerequisites/Module_Java_ReflectionApi/target/surefire/surefirebooter526244517364082707.jar /Users/serhii_sheliepov/MiddleProgEpam/Prerequisites/Module_Java_ReflectionApi/target/surefire 2022-02-05T20-09-48_542-jvmRun1 surefire8527197727119428145tmp surefire_02899658733455504879tmp"/>
    <property name="jdk.debug" value="release"/>
    <property name="surefire.test.class.path" value="/Users/serhii_sheliepov/MiddleProgEpam/Prerequisites/Module_Java_ReflectionApi/target/test-classes:/Users/serhii_sheliepov/MiddleProgEpam/Prerequisites/Module_Java_ReflectionApi/target/classes:/Users/serhii_sheliepov/.m2/repository/org/seleniumhq/selenium/selenium-java/3.141.59/selenium-java-3.141.59.jar:/Users/serhii_sheliepov/.m2/repository/org/seleniumhq/selenium/selenium-api/3.141.59/selenium-api-3.141.59.jar:/Users/serhii_sheliepov/.m2/repository/org/seleniumhq/selenium/selenium-chrome-driver/3.141.59/selenium-chrome-driver-3.141.59.jar:/Users/serhii_sheliepov/.m2/repository/org/seleniumhq/selenium/selenium-edge-driver/3.141.59/selenium-edge-driver-3.141.59.jar:/Users/serhii_sheliepov/.m2/repository/org/seleniumhq/selenium/selenium-firefox-driver/3.141.59/selenium-firefox-driver-3.141.59.jar:/Users/serhii_sheliepov/.m2/repository/org/seleniumhq/selenium/selenium-ie-driver/3.141.59/selenium-ie-driver-3.141.59.jar:/Users/serhii_sheliepov/.m2/repository/org/seleniumhq/selenium/selenium-opera-driver/3.141.59/selenium-opera-driver-3.141.59.jar:/Users/serhii_sheliepov/.m2/repository/org/seleniumhq/selenium/selenium-remote-driver/3.141.59/selenium-remote-driver-3.141.59.jar:/Users/serhii_sheliepov/.m2/repository/org/seleniumhq/selenium/selenium-safari-driver/3.141.59/selenium-safari-driver-3.141.59.jar:/Users/serhii_sheliepov/.m2/repository/org/seleniumhq/selenium/selenium-support/3.141.59/selenium-support-3.141.59.jar:/Users/serhii_sheliepov/.m2/repository/net/bytebuddy/byte-buddy/1.8.15/byte-buddy-1.8.15.jar:/Users/serhii_sheliepov/.m2/repository/org/apache/commons/commons-exec/1.3/commons-exec-1.3.jar:/Users/serhii_sheliepov/.m2/repository/com/google/guava/guava/25.0-jre/guava-25.0-jre.jar:/Users/serhii_sheliepov/.m2/repository/com/google/code/findbugs/jsr305/1.3.9/jsr305-1.3.9.jar:/Users/serhii_sheliepov/.m2/repository/org/checkerframework/checker-compat-qual/2.0.0/checker-compat-qual-2.0.0.jar:/Users/serhii_sheliepov/.m2/repository/com/google/errorprone/error_prone_annotations/2.1.3/error_prone_annotations-2.1.3.jar:/Users/serhii_sheliepov/.m2/repository/com/google/j2objc/j2objc-annotations/1.1/j2objc-annotations-1.1.jar:/Users/serhii_sheliepov/.m2/repository/org/codehaus/mojo/animal-sniffer-annotations/1.14/animal-sniffer-annotations-1.14.jar:/Users/serhii_sheliepov/.m2/repository/com/squareup/okhttp3/okhttp/3.11.0/okhttp-3.11.0.jar:/Users/serhii_sheliepov/.m2/repository/com/squareup/okio/okio/1.14.0/okio-1.14.0.jar:/Users/serhii_sheliepov/.m2/repository/io/cucumber/cucumber-java/6.8.1/cucumber-java-6.8.1.jar:/Users/serhii_sheliepov/.m2/repository/io/cucumber/cucumber-core/6.8.1/cucumber-core-6.8.1.jar:/Users/serhii_sheliepov/.m2/repository/io/cucumber/cucumber-gherkin/6.8.1/cucumber-gherkin-6.8.1.jar:/Users/serhii_sheliepov/.m2/repository/io/cucumber/cucumber-gherkin-messages/6.8.1/cucumber-gherkin-messages-6.8.1.jar:/Users/serhii_sheliepov/.m2/repository/io/cucumber/messages/13.1.0/messages-13.1.0.jar:/Users/serhii_sheliepov/.m2/repository/io/cucumber/tag-expressions/3.0.0/tag-expressions-3.0.0.jar:/Users/serhii_sheliepov/.m2/repository/io/cucumber/cucumber-expressions/10.3.0/cucumber-expressions-10.3.0.jar:/Users/serhii_sheliepov/.m2/repository/io/cucumber/datatable/3.5.0/datatable-3.5.0.jar:/Users/serhii_sheliepov/.m2/repository/io/cucumber/cucumber-plugin/6.8.1/cucumber-plugin-6.8.1.jar:/Users/serhii_sheliepov/.m2/repository/io/cucumber/docstring/6.8.1/docstring-6.8.1.jar:/Users/serhii_sheliepov/.m2/repository/io/cucumber/html-formatter/9.0.0/html-formatter-9.0.0.jar:/Users/serhii_sheliepov/.m2/repository/io/cucumber/create-meta/2.0.2/create-meta-2.0.2.jar:/Users/serhii_sheliepov/.m2/repository/org/apiguardian/apiguardian-api/1.1.0/apiguardian-api-1.1.0.jar:/Users/serhii_sheliepov/.m2/repository/io/cucumber/cucumber-junit/6.8.1/cucumber-junit-6.8.1.jar:/Users/serhii_sheliepov/.m2/repository/junit/junit/4.12/junit-4.12.jar:/Users/serhii_sheliepov/.m2/repository/org/hamcrest/hamcrest-core/1.3/hamcrest-core-1.3.jar:/Users/serhii_sheliepov/.m2/repository/io/github/bonigarcia/webdrivermanager/4.3.1/webdrivermanager-4.3.1.jar:/Users/serhii_sheliepov/.m2/repository/org/slf4j/slf4j-api/1.7.30/slf4j-api-1.7.30.jar:/Users/serhii_sheliepov/.m2/repository/commons-io/commons-io/2.8.0/commons-io-2.8.0.jar:/Users/serhii_sheliepov/.m2/repository/com/google/code/gson/gson/2.8.6/gson-2.8.6.jar:/Users/serhii_sheliepov/.m2/repository/org/apache/commons/commons-lang3/3.11/commons-lang3-3.11.jar:/Users/serhii_sheliepov/.m2/repository/org/apache/httpcomponents/client5/httpclient5/5.0.3/httpclient5-5.0.3.jar:/Users/serhii_sheliepov/.m2/repository/org/apache/httpcomponents/core5/httpcore5/5.0.2/httpcore5-5.0.2.jar:/Users/serhii_sheliepov/.m2/repository/org/apache/httpcomponents/core5/httpcore5-h2/5.0.2/httpcore5-h2-5.0.2.jar:/Users/serhii_sheliepov/.m2/repository/commons-codec/commons-codec/1.13/commons-codec-1.13.jar:/Users/serhii_sheliepov/.m2/repository/org/rauschig/jarchivelib/1.1.0/jarchivelib-1.1.0.jar:/Users/serhii_sheliepov/.m2/repository/org/apache/commons/commons-compress/1.20/commons-compress-1.20.jar:/Users/serhii_sheliepov/.m2/repository/org/jsoup/jsoup/1.13.1/jsoup-1.13.1.jar:/Users/serhii_sheliepov/.m2/repository/org/assertj/assertj-core/3.16.1/assertj-core-3.16.1.jar:"/>
    <property name="sun.cpu.endian" value="little"/>
    <property name="user.home" value="/Users/serhii_sheliepov"/>
    <property name="user.language" value="en"/>
    <property name="java.specification.vendor" value="Oracle Corporation"/>
    <property name="java.version.date" value="2020-03-17"/>
    <property name="java.home" value="/Library/Java/JavaVirtualMachines/jdk-14.jdk/Contents/Home"/>
    <property name="file.separator" value="/"/>
    <property name="basedir" value="/Users/serhii_sheliepov/MiddleProgEpam/Prerequisites/Module_Java_ReflectionApi"/>
    <property name="java.vm.compressedOopsMode" value="Zero based"/>
    <property name="line.separator" value="&#10;"/>
    <property name="java.vm.specification.vendor" value="Oracle Corporation"/>
    <property name="java.specification.name" value="Java Platform API Specification"/>
    <property name="surefire.real.class.path" value="/Users/serhii_sheliepov/MiddleProgEpam/Prerequisites/Module_Java_ReflectionApi/target/surefire/surefirebooter526244517364082707.jar"/>
    <property name="sun.management.compiler" value="HotSpot 64-Bit Tiered Compilers"/>
    <property name="java.runtime.version" value="14+36-1461"/>
    <property name="user.name" value="serhii_sheliepov"/>
    <property name="path.separator" value=":"/>
    <property name="os.version" value="10.16"/>
    <property name="java.runtime.name" value="Java(TM) SE Runtime Environment"/>
    <property name="file.encoding" value="UTF-8"/>
    <property name="java.vm.name" value="Java HotSpot(TM) 64-Bit Server VM"/>
    <property name="localRepository" value="/Users/serhii_sheliepov/.m2/repository"/>
    <property name="java.vendor.url.bug" value="https://bugreport.java.com/bugreport/"/>
    <property name="java.io.tmpdir" value="/var/folders/t6/qqw4_cvs7tzfpg16pfqjtd800000gn/T/"/>
    <property name="idea.version" value="2021.2.1"/>
    <property name="java.version" value="14"/>
    <property name="user.dir" value="/Users/serhii_sheliepov/MiddleProgEpam/Prerequisites/Module_Java_ReflectionApi"/>
    <property name="os.arch" value="x86_64"/>
    <property name="java.vm.specification.name" value="Java Virtual Machine Specification"/>
    <property name="java.library.path" value="/Users/serhii_sheliepov/Library/Java/Extensions:/Library/Java/Extensions:/Network/Library/Java/Extensions:/System/Library/Java/Extensions:/usr/lib/java:."/>
    <property name="java.vm.info" value="mixed mode, sharing"/>
    <property name="java.vendor" value="Oracle Corporation"/>
    <property name="java.vm.version" value="14+36-1461"/>
    <property name="sun.io.unicode.encoding" value="UnicodeBig"/>
    <property name="java.class.version" value="58.0"/>
  </properties>
  <testcase name="Check site search ability" classname="Smoke" time="7.738"/>
  <testcase name="Check search by category" classname="Smoke" time="14.878"/>
  <testcase name="Check amount of elements on a page" classname="Smoke" time="9.599">
    <error type="java.lang.NullPointerException">java.lang.NullPointerException
</error>
    <system-err><![CDATA[Starting ChromeDriver 97.0.4692.71 (adefa7837d02a07a604c1e6eff0b3a09422ab88d-refs/branch-heads/4692@{#1247}) on port 8652
Only local connections are allowed.
Please see https://chromedriver.chromium.org/security-considerations for suggestions on keeping ChromeDriver safe.
ChromeDriver was started successfully.
Feb 05, 2022 8:10:13 PM org.openqa.selenium.remote.ProtocolHandshake createSession
INFO: Detected dialect: W3C
]]></system-err>
  </testcase>
  <testcase name="Check count of images page" classname="Smoke" time="9.833"/>
</testsuite>